<?xml version="1.0" encoding="UTF-8"?>
<!-- Generated by org.testng.reporters.JUnitReportReporter -->
<testsuite hostname="HP" failures="0" tests="1" name="mpack.MVN2" time="13.201" errors="0" timestamp="2023-04-01T20:26:07 IST" skipped="0">
  <testcase classname="mpack.MVN2" name="demo112" time="13.201"/>
  <system-out/>
</testsuite> <!-- mpack.MVN2 -->
